2013/03/15 13:32:56 [error] [exception.CHttpException.404] exception 'CHttpException' with message 'Unable to resolve the request "user".' in /opt/lampp/htdocs/yii/framework/web/CWebApplication.php:286
Stack trace:
#0 /opt/lampp/htdocs/yii/framework/web/CWebApplication.php(141): CWebApplication->runController('user')
#1 /opt/lampp/htdocs/yii/framework/base/CApplication.php(169): CWebApplication->processRequest()
#2 /opt/lampp/htdocs/darussalam/index.php(13): CApplication->run()
#3 {main}
REQUEST_URI=/darussalam/index.php?r=user
---
2013/03/15 13:33:47 [error] [exception.CHttpException.404] exception 'CHttpException' with message 'Unable to resolve the request "user/admin".' in /opt/lampp/htdocs/yii/framework/web/CWebApplication.php:286
Stack trace:
#0 /opt/lampp/htdocs/yii/framework/web/CWebApplication.php(141): CWebApplication->runController('user/admin')
#1 /opt/lampp/htdocs/yii/framework/base/CApplication.php(169): CWebApplication->processRequest()
#2 /opt/lampp/htdocs/darussalam/index.php(13): CApplication->run()
#3 {main}
REQUEST_URI=/darussalam/index.php?r=user/admin
---
2013/03/15 13:33:55 [error] [exception.CHttpException.404] exception 'CHttpException' with message 'Unable to resolve the request "admin/user".' in /opt/lampp/htdocs/yii/framework/web/CWebApplication.php:286
Stack trace:
#0 /opt/lampp/htdocs/yii/framework/web/CWebApplication.php(141): CWebApplication->runController('admin/user')
#1 /opt/lampp/htdocs/yii/framework/base/CApplication.php(169): CWebApplication->processRequest()
#2 /opt/lampp/htdocs/darussalam/index.php(13): CApplication->run()
#3 {main}
REQUEST_URI=/darussalam/index.php?r=admin/user
---
2013/03/18 08:09:35 [error] [exception.CHttpException.404] exception 'CHttpException' with message 'Unable to resolve the request "admin/user".' in /opt/lampp/htdocs/yii/framework/web/CWebApplication.php:286
Stack trace:
#0 /opt/lampp/htdocs/yii/framework/web/CWebApplication.php(141): CWebApplication->runController('admin/user')
#1 /opt/lampp/htdocs/yii/framework/base/CApplication.php(169): CWebApplication->processRequest()
#2 /opt/lampp/htdocs/darussalam/index.php(13): CApplication->run()
#3 {main}
REQUEST_URI=/darussalam/index.php?r=admin/user
---
2013/03/18 12:38:50 [error] [exception.CHttpException.404] exception 'CHttpException' with message 'Unable to resolve the request "admin/user".' in /opt/lampp/htdocs/yii/framework/web/CWebApplication.php:286
Stack trace:
#0 /opt/lampp/htdocs/yii/framework/web/CWebApplication.php(141): CWebApplication->runController('admin/user')
#1 /opt/lampp/htdocs/yii/framework/base/CApplication.php(169): CWebApplication->processRequest()
#2 /opt/lampp/htdocs/darussalam/index.php(13): CApplication->run()
#3 {main}
REQUEST_URI=/darussalam/index.php?r=admin/user
---
2013/03/18 12:39:47 [error] [exception.CHttpException.404] exception 'CHttpException' with message 'Unable to resolve the request "user".' in /opt/lampp/htdocs/yii/framework/web/CWebApplication.php:286
Stack trace:
#0 /opt/lampp/htdocs/yii/framework/web/CWebApplication.php(141): CWebApplication->runController('user')
#1 /opt/lampp/htdocs/yii/framework/base/CApplication.php(169): CWebApplication->processRequest()
#2 /opt/lampp/htdocs/darussalam/index.php(13): CApplication->run()
#3 {main}
REQUEST_URI=/darussalam/index.php?r=user
---
